<?xml version="1.0" encoding="UTF-8"?>
<testsuite name="jobshop.encodings.EncodingTests" tests="2" skipped="0" failures="0" errors="0" timestamp="2020-04-18T14:27:37" hostname="mahraye-Surface-Pro-4" time="0.025">
  <properties/>
  <testcase name="testBasicSolver" classname="jobshop.encodings.EncodingTests" time="0.017"/>
  <testcase name="testJobNumbers" classname="jobshop.encodings.EncodingTests" time="0.007"/>
  <system-out><![CDATA[jobshop.Schedule@4798ec8f
]]></system-out>
  <system-err><![CDATA[]]></system-err>
</testsuite>
